app/build/outputs/logs/manifest-merger-release-report.txt
-- Merging decision tree log ---
manifest
ADDED from src\main\AndroidManifest.xml:2:1-35:12
	package
		ADDED from src\main\AndroidManifest.xml:3:5-42
		INJECTED from src\main\AndroidManifest.xml
		INJECTED from src\main\AndroidManifest.xml
	android:versionName
		INJECTED from src\main\AndroidManifest.xml
		INJECTED from src\main\AndroidManifest.xml
	xmlns:android
		ADDED from src\main\AndroidManifest.xml:2:11-69
	android:versionCode
		INJECTED from src\main\AndroidManifest.xml
		INJECTED from src\main\AndroidManifest.xml
application
ADDED from src\main\AndroidManifest.xml:5:5-33:19
MERGED from [com.android.support:appcompat-v7:23.1.1] AndroidManifest.xml:22:5-20
MERGED from [com.android.support:support-v4:23.1.1] AndroidManifest.xml:22:5-20
	android:label
		ADDED from src\main\AndroidManifest.xml:8:9-41
	android:supportsRtl
		ADDED from src\main\AndroidManifest.xml:9:9-35
	android:allowBackup
		ADDED from src\main\AndroidManifest.xml:6:9-35
	android:icon
		ADDED from src\main\AndroidManifest.xml:7:9-38
	android:theme
		ADDED from src\main\AndroidManifest.xml:10:9-40
activity#com.bsy_noni.ashish.bsynoni.MainActivity
ADDED from src\main\AndroidManifest.xml:11:9-17:20
	android:name
		ADDED from src\main\AndroidManifest.xml:11:19-74
intent-filter#android.intent.action.MAIN+android.intent.category.LAUNCHER
ADDED from src\main\AndroidManifest.xml:12:13-16:29
action#android.intent.action.MAIN
ADDED from src\main\AndroidManifest.xml:13:17-69
	android:name
		ADDED from src\main\AndroidManifest.xml:13:25-66
category#android.intent.category.LAUNCHER
ADDED from src\main\AndroidManifest.xml:15:17-77
	android:name
		ADDED from src\main\AndroidManifest.xml:15:27-74
activity#com.bsy_noni.ashish.bsynoni.Contact
ADDED from src\main\AndroidManifest.xml:18:9-81
	android:name
		ADDED from src\main\AndroidManifest.xml:18:19-69
activity#com.bsy_noni.ashish.bsynoni.ProductOne
ADDED from src\main\AndroidManifest.xml:19:9-84
	android:name
		ADDED from src\main\AndroidManifest.xml:19:19-72
activity#com.bsy_noni.ashish.bsynoni.ProductOneFruit
ADDED from src\main\AndroidManifest.xml:20:9-89
	android:name
		ADDED from src\main\AndroidManifest.xml:20:19-77
activity#com.bsy_noni.ashish.bsynoni.ProductOne_description
ADDED from src\main\AndroidManifest.xml:21:9-96
	android:name
		ADDED from src\main\AndroidManifest.xml:21:19-84
activity#com.bsy_noni.ashish.bsynoni.ProductOne_usage
ADDED from src\main\AndroidManifest.xml:22:9-90
	android:name
		ADDED from src\main\AndroidManifest.xml:22:19-78
activity#com.bsy_noni.ashish.bsynoni.ProductOne_advantage
ADDED from src\main\AndroidManifest.xml:23:9-94
	android:name
		ADDED from src\main\AndroidManifest.xml:23:19-82
activity#com.bsy_noni.ashish.bsynoni.ProductOne_ingredients
ADDED from src\main\AndroidManifest.xml:24:9-96
	android:name
		ADDED from src\main\AndroidManifest.xml:24:19-84
activity#com.bsy_noni.ashish.bsynoni.ProductOne_faq
ADDED from src\main\AndroidManifest.xml:25:9-88
	android:name
		ADDED from src\main\AndroidManifest.xml:25:19-76
activity#com.bsy_noni.ashish.bsynoni.ProductTwo
ADDED from src\main\AndroidManifest.xml:26:9-84
	android:name
		ADDED from src\main\AndroidManifest.xml:26:19-72
activity#com.bsy_noni.ashish.bsynoni.ProductTwo_description
ADDED from src\main\AndroidManifest.xml:27:9-96
	android:name
		ADDED from src\main\AndroidManifest.xml:27:19-84
activity#com.bsy_noni.ashish.bsynoni.ProductTwo_usage
ADDED from src\main\AndroidManifest.xml:28:9-90
	android:name
		ADDED from src\main\AndroidManifest.xml:28:19-78
activity#com.bsy_noni.ashish.bsynoni.ProductTwo_faq
ADDED from src\main\AndroidManifest.xml:29:9-88
	android:name
		ADDED from src\main\AndroidManifest.xml:29:19-76
activity#com.bsy_noni.ashish.bsynoni.BussinessOpporntunity
ADDED from src\main\AndroidManifest.xml:30:9-95
	android:name
		ADDED from src\main\AndroidManifest.xml:30:19-83
activity#com.bsy_noni.ashish.bsynoni.DistributorTalk
ADDED from src\main\AndroidManifest.xml:31:9-89
	android:name
		ADDED from src\main\AndroidManifest.xml:31:19-77
activity#com.bsy_noni.ashish.bsynoni.AboutUs
ADDED from src\main\AndroidManifest.xml:32:9-81
	android:name
		ADDED from src\main\AndroidManifest.xml:32:19-69
uses-sdk
INJECTED from src\main\AndroidManifest.xml reason: use-sdk injection requested
MERGED from [com.android.support:appcompat-v7:23.1.1] AndroidManifest.xml:20:5-43
MERGED from [com.android.support:support-v4:23.1.1] AndroidManifest.xml:20:5-43
	android:targetSdkVersion
		INJECTED from src\main\AndroidManifest.xml
		INJECTED from src\main\AndroidManifest.xml
	android:minSdkVersion
		INJECTED from src\main\AndroidManifest.xml
		INJECTED from src\main\AndroidManifest.xml